[debug] [2022-02-26T15:28:01.742Z] ----------------------------------------------------------------------
[debug] [2022-02-26T15:28:01.744Z] Command:       /usr/bin/node /usr/bin/firebase emulators:start --only functions
[debug] [2022-02-26T15:28:01.744Z] CLI Version:   10.0.0
[debug] [2022-02-26T15:28:01.744Z] Platform:      linux
[debug] [2022-02-26T15:28:01.744Z] Node Version:  v16.14.0
[debug] [2022-02-26T15:28:01.745Z] Time:          Sat Feb 26 2022 10:28:01 GMT-0500 (Eastern Standard Time)
[debug] [2022-02-26T15:28:01.745Z] ----------------------------------------------------------------------
[debug] 
[debug] [2022-02-26T15:28:01.789Z] > command requires scopes: ["email","openid","https://www.googleapis.com/auth/cloudplatformprojects.readonly","https://www.googleapis.com/auth/firebase","https://www.googleapis.com/auth/cloud-platform"]
[debug] [2022-02-26T15:28:01.790Z] > authorizing via signed-in user (chrisphilbin20@gmail.com)
[info] i  emulators: Starting emulators: functions {"metadata":{"emulator":{"name":"hub"},"message":"Starting emulators: functions"}}
[debug] [2022-02-26T15:28:01.801Z] [hub] writing locator at /tmp/hub-ng-blog-574e0.json
[warn] ⚠  functions: The following emulators are not running, calls to these services from the Functions emulator will affect production: auth, firestore, database, hosting, pubsub, storage {"metadata":{"emulator":{"name":"functions"},"message":"The following emulators are not running, calls to these services from the Functions emulator will affect production: \u001b[1mauth, firestore, database, hosting, pubsub, storage\u001b[22m"}}
[warn] ⚠  Your requested "node" version "12" doesn't match your global version "16" {"metadata":{"emulator":{"name":"functions"},"message":"Your requested \"node\" version \"12\" doesn't match your global version \"16\""}}
[debug] [2022-02-26T15:28:01.817Z] defaultcredentials: writing to file /home/chris/.config/firebase/chrisphilbin20_gmail_com_application_default_credentials.json
[debug] [2022-02-26T15:28:01.818Z] Setting GAC to /home/chris/.config/firebase/chrisphilbin20_gmail_com_application_default_credentials.json {"metadata":{"emulator":{"name":"functions"},"message":"Setting GAC to /home/chris/.config/firebase/chrisphilbin20_gmail_com_application_default_credentials.json"}}
[debug] [2022-02-26T15:28:01.820Z] >>> [apiv2][query] GET https://firebase.googleapis.com/v1beta1/projects/ng-blog-574e0/adminSdkConfig [none]
[debug] [2022-02-26T15:28:02.219Z] <<< [apiv2][status] GET https://firebase.googleapis.com/v1beta1/projects/ng-blog-574e0/adminSdkConfig 200
[debug] [2022-02-26T15:28:02.219Z] <<< [apiv2][body] GET https://firebase.googleapis.com/v1beta1/projects/ng-blog-574e0/adminSdkConfig {"projectId":"ng-blog-574e0","storageBucket":"ng-blog-574e0.appspot.com","locationId":"us-central"}
[debug] [2022-02-26T15:28:02.235Z] Ignoring unsupported arg: auto_download {"metadata":{"emulator":{"name":"ui"},"message":"Ignoring unsupported arg: auto_download"}}
[debug] [2022-02-26T15:28:02.236Z] Ignoring unsupported arg: port {"metadata":{"emulator":{"name":"ui"},"message":"Ignoring unsupported arg: port"}}
[debug] [2022-02-26T15:28:02.236Z] Starting Emulator UI with command {"binary":"node","args":["/home/chris/.cache/firebase/emulators/ui-v1.6.4/server.bundle.js"],"optionalArgs":[],"joinArgs":false} {"metadata":{"emulator":{"name":"ui"},"message":"Starting Emulator UI with command {\"binary\":\"node\",\"args\":[\"/home/chris/.cache/firebase/emulators/ui-v1.6.4/server.bundle.js\"],\"optionalArgs\":[],\"joinArgs\":false}"}}
[info] i  ui: Emulator UI logging to ui-debug.log {"metadata":{"emulator":{"name":"ui"},"message":"Emulator UI logging to \u001b[1mui-debug.log\u001b[22m"}}
[debug] [2022-02-26T15:28:02.352Z] Web / API server started at localhost:4000
 {"metadata":{"emulator":{"name":"ui"},"message":"Web / API server started at localhost:4000\n"}}
[info] i  functions: Watching "/home/chris/development/angular/angular-blog-frontend/functions" for Cloud Functions... {"metadata":{"emulator":{"name":"functions"},"message":"Watching \"/home/chris/development/angular/angular-blog-frontend/functions\" for Cloud Functions..."}}
[debug] [2022-02-26T15:28:02.527Z] [worker-pool] addWorker(~diagnostic~) {"metadata":{"emulator":{"name":"functions"},"message":"[worker-pool] addWorker(~diagnostic~)"}}
[debug] [2022-02-26T15:28:02.527Z] [worker-pool] Adding worker with key ~diagnostic~, total=1 {"metadata":{"emulator":{"name":"functions"},"message":"[worker-pool] Adding worker with key ~diagnostic~, total=1"}}
[debug] [2022-02-26T15:28:02.527Z] [worker-pool] submitWork(triggerId=) {"metadata":{"emulator":{"name":"functions"},"message":"[worker-pool] submitWork(triggerId=)"}}
[debug] [2022-02-26T15:28:02.528Z] [worker-~diagnostic~-69b674ac-5ab8-474b-a780-119e3b0635e8]: Assigning socketPath: /tmp/fire_emu_5334.sock {"metadata":{"emulator":{"name":"functions"},"message":"[worker-~diagnostic~-69b674ac-5ab8-474b-a780-119e3b0635e8]: Assigning socketPath: /tmp/fire_emu_5334.sock"}}
[debug] [2022-02-26T15:28:02.529Z] [worker-~diagnostic~-69b674ac-5ab8-474b-a780-119e3b0635e8]: BUSY {"metadata":{"emulator":{"name":"functions"},"message":"[worker-~diagnostic~-69b674ac-5ab8-474b-a780-119e3b0635e8]: BUSY"}}
[debug] [2022-02-26T15:28:02.653Z] [runtime-status] [5334] Functions runtime initialized. {"cwd":"/home/chris/development/angular/angular-blog-frontend/functions","node_version":"16.14.0"} {"metadata":{"emulator":{"name":"functions"},"message":"[runtime-status] [5334] Functions runtime initialized. {\"cwd\":\"/home/chris/development/angular/angular-blog-frontend/functions\",\"node_version\":\"16.14.0\"}"}}
[debug] [2022-02-26T15:28:02.653Z] [runtime-status] [5334] Disabled runtime features: undefined {"metadata":{"emulator":{"name":"functions"},"message":"[runtime-status] [5334] Disabled runtime features: undefined"}}
[debug] [2022-02-26T15:28:02.654Z] [runtime-status] [5334] Resolved module firebase-admin {"declared":true,"installed":true,"version":"9.6.0","resolution":"/home/chris/development/angular/angular-blog-frontend/functions/node_modules/firebase-admin/lib/index.js"} {"metadata":{"emulator":{"name":"functions"},"message":"[runtime-status] [5334] Resolved module firebase-admin {\"declared\":true,\"installed\":true,\"version\":\"9.6.0\",\"resolution\":\"/home/chris/development/angular/angular-blog-frontend/functions/node_modules/firebase-admin/lib/index.js\"}"}}
[debug] [2022-02-26T15:28:02.655Z] [runtime-status] [5334] Resolved module firebase-functions {"declared":true,"installed":true,"version":"3.13.2","resolution":"/home/chris/development/angular/angular-blog-frontend/functions/node_modules/firebase-functions/lib/index.js"} {"metadata":{"emulator":{"name":"functions"},"message":"[runtime-status] [5334] Resolved module firebase-functions {\"declared\":true,\"installed\":true,\"version\":\"3.13.2\",\"resolution\":\"/home/chris/development/angular/angular-blog-frontend/functions/node_modules/firebase-functions/lib/index.js\"}"}}
[debug] [2022-02-26T15:28:02.657Z] [runtime-status] [5334] Outgoing network have been stubbed. [{"name":"http","status":"mocked"},{"name":"http","status":"mocked"},{"name":"https","status":"mocked"},{"name":"https","status":"mocked"},{"name":"net","status":"mocked"}] {"metadata":{"emulator":{"name":"functions"},"message":"[runtime-status] [5334] Outgoing network have been stubbed. [{\"name\":\"http\",\"status\":\"mocked\"},{\"name\":\"http\",\"status\":\"mocked\"},{\"name\":\"https\",\"status\":\"mocked\"},{\"name\":\"https\",\"status\":\"mocked\"},{\"name\":\"net\",\"status\":\"mocked\"}]"}}
[debug] [2022-02-26T15:28:02.657Z] [runtime-status] [5334] Resolved module firebase-functions {"declared":true,"installed":true,"version":"3.13.2","resolution":"/home/chris/development/angular/angular-blog-frontend/functions/node_modules/firebase-functions/lib/index.js"} {"metadata":{"emulator":{"name":"functions"},"message":"[runtime-status] [5334] Resolved module firebase-functions {\"declared\":true,\"installed\":true,\"version\":\"3.13.2\",\"resolution\":\"/home/chris/development/angular/angular-blog-frontend/functions/node_modules/firebase-functions/lib/index.js\"}"}}
[debug] [2022-02-26T15:28:02.684Z] [runtime-status] [5334] Checked functions.config() {"config":{}} {"metadata":{"emulator":{"name":"functions"},"message":"[runtime-status] [5334] Checked functions.config() {\"config\":{}}"}}
[debug] [2022-02-26T15:28:02.685Z] [runtime-status] [5334] firebase-functions has been stubbed. {"functionsResolution":{"declared":true,"installed":true,"version":"3.13.2","resolution":"/home/chris/development/angular/angular-blog-frontend/functions/node_modules/firebase-functions/lib/index.js"}} {"metadata":{"emulator":{"name":"functions"},"message":"[runtime-status] [5334] firebase-functions has been stubbed. {\"functionsResolution\":{\"declared\":true,\"installed\":true,\"version\":\"3.13.2\",\"resolution\":\"/home/chris/development/angular/angular-blog-frontend/functions/node_modules/firebase-functions/lib/index.js\"}}"}}
[debug] [2022-02-26T15:28:02.685Z] [runtime-status] [5334] Resolved module firebase-functions {"declared":true,"installed":true,"version":"3.13.2","resolution":"/home/chris/development/angular/angular-blog-frontend/functions/node_modules/firebase-functions/lib/index.js"} {"metadata":{"emulator":{"name":"functions"},"message":"[runtime-status] [5334] Resolved module firebase-functions {\"declared\":true,\"installed\":true,\"version\":\"3.13.2\",\"resolution\":\"/home/chris/development/angular/angular-blog-frontend/functions/node_modules/firebase-functions/lib/index.js\"}"}}
[debug] [2022-02-26T15:28:02.686Z] [runtime-status] [5334] Resolved module firebase-admin {"declared":true,"installed":true,"version":"9.6.0","resolution":"/home/chris/development/angular/angular-blog-frontend/functions/node_modules/firebase-admin/lib/index.js"} {"metadata":{"emulator":{"name":"functions"},"message":"[runtime-status] [5334] Resolved module firebase-admin {\"declared\":true,\"installed\":true,\"version\":\"9.6.0\",\"resolution\":\"/home/chris/development/angular/angular-blog-frontend/functions/node_modules/firebase-admin/lib/index.js\"}"}}
[debug] [2022-02-26T15:28:02.686Z] [runtime-status] [5334] Resolved module firebase-functions {"declared":true,"installed":true,"version":"3.13.2","resolution":"/home/chris/development/angular/angular-blog-frontend/functions/node_modules/firebase-functions/lib/index.js"} {"metadata":{"emulator":{"name":"functions"},"message":"[runtime-status] [5334] Resolved module firebase-functions {\"declared\":true,\"installed\":true,\"version\":\"3.13.2\",\"resolution\":\"/home/chris/development/angular/angular-blog-frontend/functions/node_modules/firebase-functions/lib/index.js\"}"}}
[debug] [2022-02-26T15:28:02.686Z] [runtime-status] [5334] firebase-admin has been stubbed. {"adminResolution":{"declared":true,"installed":true,"version":"9.6.0","resolution":"/home/chris/development/angular/angular-blog-frontend/functions/node_modules/firebase-admin/lib/index.js"}} {"metadata":{"emulator":{"name":"functions"},"message":"[runtime-status] [5334] firebase-admin has been stubbed. {\"adminResolution\":{\"declared\":true,\"installed\":true,\"version\":\"9.6.0\",\"resolution\":\"/home/chris/development/angular/angular-blog-frontend/functions/node_modules/firebase-admin/lib/index.js\"}}"}}
[debug] [2022-02-26T15:28:02.727Z] [runtime-status] [5334] initializeApp(DEFAULT) {"storageBucket":"ng-blog-574e0.appspot.com","projectId":"ng-blog-574e0"} {"metadata":{"emulator":{"name":"functions"},"message":"[runtime-status] [5334] initializeApp(DEFAULT) {\"storageBucket\":\"ng-blog-574e0.appspot.com\",\"projectId\":\"ng-blog-574e0\"}"}}
[warn] ⚠  functions: The Cloud Firestore emulator is not running, so calls to Firestore will affect production. {"metadata":{"emulator":{"name":"functions"},"message":"The Cloud Firestore emulator is not running, so calls to Firestore will affect production."}}
[info] >  { {"user":"{","metadata":{"emulator":{"name":"functions"},"message":"\u001b[90m> \u001b[39m {"}}
[info] >    apiKey: 'AIzaSyBhJGSfs_u0THw9gg1q-4CH9ohcyy6PUco', {"user":"  apiKey: 'AIzaSyBhJGSfs_u0THw9gg1q-4CH9ohcyy6PUco',","metadata":{"emulator":{"name":"functions"},"message":"\u001b[90m> \u001b[39m   apiKey: 'AIzaSyBhJGSfs_u0THw9gg1q-4CH9ohcyy6PUco',"}}
[info] >    authDomain: 'ng-blog-574e0.firebaseapp.com', {"user":"  authDomain: 'ng-blog-574e0.firebaseapp.com',","metadata":{"emulator":{"name":"functions"},"message":"\u001b[90m> \u001b[39m   authDomain: 'ng-blog-574e0.firebaseapp.com',"}}
[info] >    projectId: 'ng-blog-574e0', {"user":"  projectId: 'ng-blog-574e0',","metadata":{"emulator":{"name":"functions"},"message":"\u001b[90m> \u001b[39m   projectId: 'ng-blog-574e0',"}}
[info] >    storageBucket: 'ng-blog-574e0.appspot.com', {"user":"  storageBucket: 'ng-blog-574e0.appspot.com',","metadata":{"emulator":{"name":"functions"},"message":"\u001b[90m> \u001b[39m   storageBucket: 'ng-blog-574e0.appspot.com',"}}
[info] >    messagingSenderId: '1077432976576', {"user":"  messagingSenderId: '1077432976576',","metadata":{"emulator":{"name":"functions"},"message":"\u001b[90m> \u001b[39m   messagingSenderId: '1077432976576',"}}
[info] >    appId: '1:1077432976576:web:d45b75416546fdac809925' {"user":"  appId: '1:1077432976576:web:d45b75416546fdac809925'","metadata":{"emulator":{"name":"functions"},"message":"\u001b[90m> \u001b[39m   appId: '1:1077432976576:web:d45b75416546fdac809925'"}}
[info] >  } {"user":"}","metadata":{"emulator":{"name":"functions"},"message":"\u001b[90m> \u001b[39m }"}}
[debug] [2022-02-26T15:28:02.928Z] [worker-~diagnostic~-69b674ac-5ab8-474b-a780-119e3b0635e8]: IDLE {"metadata":{"emulator":{"name":"functions"},"message":"[worker-~diagnostic~-69b674ac-5ab8-474b-a780-119e3b0635e8]: IDLE"}}
[info] ✔  functions[us-central1-api]: http function initialized (http://localhost:5001/ng-blog-574e0/us-central1/api). {"metadata":{"emulator":{"name":"functions"},"message":"\u001b[1mhttp\u001b[22m function initialized (http://localhost:5001/ng-blog-574e0/us-central1/api)."}}
[info] 
┌─────────────────────────────────────────────────────────────┐
│ ✔  All emulators ready! It is now safe to connect your app. │
│ i  View Emulator UI at http://localhost:4000                │
└─────────────────────────────────────────────────────────────┘

┌───────────┬────────────────┬─────────────────────────────────┐
│ Emulator  │ Host:Port      │ View in Emulator UI             │
├───────────┼────────────────┼─────────────────────────────────┤
│ Functions │ localhost:5001 │ http://localhost:4000/functions │
└───────────┴────────────────┴─────────────────────────────────┘
  Emulator Hub running at localhost:4400
  Other reserved ports: 4500

Issues? Report them at https://github.com/firebase/firebase-tools/issues and attach the *-debug.log files.
 
[debug] [2022-02-26T15:28:08.563Z] [work-queue] {"queueLength":1,"workRunningCount":0}
[debug] [2022-02-26T15:28:08.563Z] [work-queue] {"queueLength":0,"workRunningCount":1}
[debug] [2022-02-26T15:28:08.564Z] Accepted request POST /ng-blog-574e0/us-central1/api/posts --> us-central1-api
[debug] [2022-02-26T15:28:08.576Z] [worker-pool] addWorker(us-central1-api) {"metadata":{"emulator":{"name":"functions"},"message":"[worker-pool] addWorker(us-central1-api)"}}
[debug] [2022-02-26T15:28:08.577Z] [worker-pool] Adding worker with key us-central1-api, total=1 {"metadata":{"emulator":{"name":"functions"},"message":"[worker-pool] Adding worker with key us-central1-api, total=1"}}
[debug] [2022-02-26T15:28:08.577Z] [worker-pool] submitWork(triggerId=us-central1-api) {"metadata":{"emulator":{"name":"functions"},"message":"[worker-pool] submitWork(triggerId=us-central1-api)"}}
[debug] [2022-02-26T15:28:08.577Z] [worker-us-central1-api-f3649380-c5bb-4415-a32a-5256a35b7b7d]: Assigning socketPath: /tmp/fire_emu_5349.sock {"metadata":{"emulator":{"name":"functions"},"message":"[worker-us-central1-api-f3649380-c5bb-4415-a32a-5256a35b7b7d]: Assigning socketPath: /tmp/fire_emu_5349.sock"}}
[debug] [2022-02-26T15:28:08.577Z] [worker-us-central1-api-f3649380-c5bb-4415-a32a-5256a35b7b7d]: BUSY {"metadata":{"emulator":{"name":"functions"},"message":"[worker-us-central1-api-f3649380-c5bb-4415-a32a-5256a35b7b7d]: BUSY"}}
[debug] [2022-02-26T15:28:08.707Z] [runtime-status] [5349] Functions runtime initialized. {"cwd":"/home/chris/development/angular/angular-blog-frontend/functions","node_version":"16.14.0"} {"metadata":{"emulator":{"name":"functions"},"function":{"name":"us-central1-api"},"message":"[runtime-status] [5349] Functions runtime initialized. {\"cwd\":\"/home/chris/development/angular/angular-blog-frontend/functions\",\"node_version\":\"16.14.0\"}"}}
[debug] [2022-02-26T15:28:08.708Z] [runtime-status] [5349] Disabled runtime features: undefined {"metadata":{"emulator":{"name":"functions"},"function":{"name":"us-central1-api"},"message":"[runtime-status] [5349] Disabled runtime features: undefined"}}
[debug] [2022-02-26T15:28:08.709Z] [runtime-status] [5349] Resolved module firebase-admin {"declared":true,"installed":true,"version":"9.6.0","resolution":"/home/chris/development/angular/angular-blog-frontend/functions/node_modules/firebase-admin/lib/index.js"} {"metadata":{"emulator":{"name":"functions"},"function":{"name":"us-central1-api"},"message":"[runtime-status] [5349] Resolved module firebase-admin {\"declared\":true,\"installed\":true,\"version\":\"9.6.0\",\"resolution\":\"/home/chris/development/angular/angular-blog-frontend/functions/node_modules/firebase-admin/lib/index.js\"}"}}
[debug] [2022-02-26T15:28:08.710Z] [runtime-status] [5349] Resolved module firebase-functions {"declared":true,"installed":true,"version":"3.13.2","resolution":"/home/chris/development/angular/angular-blog-frontend/functions/node_modules/firebase-functions/lib/index.js"} {"metadata":{"emulator":{"name":"functions"},"function":{"name":"us-central1-api"},"message":"[runtime-status] [5349] Resolved module firebase-functions {\"declared\":true,\"installed\":true,\"version\":\"3.13.2\",\"resolution\":\"/home/chris/development/angular/angular-blog-frontend/functions/node_modules/firebase-functions/lib/index.js\"}"}}
[debug] [2022-02-26T15:28:08.712Z] [runtime-status] [5349] Outgoing network have been stubbed. [{"name":"http","status":"mocked"},{"name":"http","status":"mocked"},{"name":"https","status":"mocked"},{"name":"https","status":"mocked"},{"name":"net","status":"mocked"}] {"metadata":{"emulator":{"name":"functions"},"function":{"name":"us-central1-api"},"message":"[runtime-status] [5349] Outgoing network have been stubbed. [{\"name\":\"http\",\"status\":\"mocked\"},{\"name\":\"http\",\"status\":\"mocked\"},{\"name\":\"https\",\"status\":\"mocked\"},{\"name\":\"https\",\"status\":\"mocked\"},{\"name\":\"net\",\"status\":\"mocked\"}]"}}
[debug] [2022-02-26T15:28:08.712Z] [runtime-status] [5349] Resolved module firebase-functions {"declared":true,"installed":true,"version":"3.13.2","resolution":"/home/chris/development/angular/angular-blog-frontend/functions/node_modules/firebase-functions/lib/index.js"} {"metadata":{"emulator":{"name":"functions"},"function":{"name":"us-central1-api"},"message":"[runtime-status] [5349] Resolved module firebase-functions {\"declared\":true,\"installed\":true,\"version\":\"3.13.2\",\"resolution\":\"/home/chris/development/angular/angular-blog-frontend/functions/node_modules/firebase-functions/lib/index.js\"}"}}
[debug] [2022-02-26T15:28:08.742Z] [runtime-status] [5349] Checked functions.config() {"config":{}} {"metadata":{"emulator":{"name":"functions"},"function":{"name":"us-central1-api"},"message":"[runtime-status] [5349] Checked functions.config() {\"config\":{}}"}}
[debug] [2022-02-26T15:28:08.743Z] [runtime-status] [5349] firebase-functions has been stubbed. {"functionsResolution":{"declared":true,"installed":true,"version":"3.13.2","resolution":"/home/chris/development/angular/angular-blog-frontend/functions/node_modules/firebase-functions/lib/index.js"}} {"metadata":{"emulator":{"name":"functions"},"function":{"name":"us-central1-api"},"message":"[runtime-status] [5349] firebase-functions has been stubbed. {\"functionsResolution\":{\"declared\":true,\"installed\":true,\"version\":\"3.13.2\",\"resolution\":\"/home/chris/development/angular/angular-blog-frontend/functions/node_modules/firebase-functions/lib/index.js\"}}"}}
[debug] [2022-02-26T15:28:08.743Z] [runtime-status] [5349] Resolved module firebase-functions {"declared":true,"installed":true,"version":"3.13.2","resolution":"/home/chris/development/angular/angular-blog-frontend/functions/node_modules/firebase-functions/lib/index.js"} {"metadata":{"emulator":{"name":"functions"},"function":{"name":"us-central1-api"},"message":"[runtime-status] [5349] Resolved module firebase-functions {\"declared\":true,\"installed\":true,\"version\":\"3.13.2\",\"resolution\":\"/home/chris/development/angular/angular-blog-frontend/functions/node_modules/firebase-functions/lib/index.js\"}"}}
[debug] [2022-02-26T15:28:08.744Z] [runtime-status] [5349] Resolved module firebase-admin {"declared":true,"installed":true,"version":"9.6.0","resolution":"/home/chris/development/angular/angular-blog-frontend/functions/node_modules/firebase-admin/lib/index.js"} {"metadata":{"emulator":{"name":"functions"},"function":{"name":"us-central1-api"},"message":"[runtime-status] [5349] Resolved module firebase-admin {\"declared\":true,\"installed\":true,\"version\":\"9.6.0\",\"resolution\":\"/home/chris/development/angular/angular-blog-frontend/functions/node_modules/firebase-admin/lib/index.js\"}"}}
[debug] [2022-02-26T15:28:08.744Z] [runtime-status] [5349] Resolved module firebase-functions {"declared":true,"installed":true,"version":"3.13.2","resolution":"/home/chris/development/angular/angular-blog-frontend/functions/node_modules/firebase-functions/lib/index.js"} {"metadata":{"emulator":{"name":"functions"},"function":{"name":"us-central1-api"},"message":"[runtime-status] [5349] Resolved module firebase-functions {\"declared\":true,\"installed\":true,\"version\":\"3.13.2\",\"resolution\":\"/home/chris/development/angular/angular-blog-frontend/functions/node_modules/firebase-functions/lib/index.js\"}"}}
[debug] [2022-02-26T15:28:08.744Z] [runtime-status] [5349] firebase-admin has been stubbed. {"adminResolution":{"declared":true,"installed":true,"version":"9.6.0","resolution":"/home/chris/development/angular/angular-blog-frontend/functions/node_modules/firebase-admin/lib/index.js"}} {"metadata":{"emulator":{"name":"functions"},"function":{"name":"us-central1-api"},"message":"[runtime-status] [5349] firebase-admin has been stubbed. {\"adminResolution\":{\"declared\":true,\"installed\":true,\"version\":\"9.6.0\",\"resolution\":\"/home/chris/development/angular/angular-blog-frontend/functions/node_modules/firebase-admin/lib/index.js\"}}"}}
[debug] [2022-02-26T15:28:08.790Z] [runtime-status] [5349] initializeApp(DEFAULT) {"storageBucket":"ng-blog-574e0.appspot.com","projectId":"ng-blog-574e0"} {"metadata":{"emulator":{"name":"functions"},"function":{"name":"us-central1-api"},"message":"[runtime-status] [5349] initializeApp(DEFAULT) {\"storageBucket\":\"ng-blog-574e0.appspot.com\",\"projectId\":\"ng-blog-574e0\"}"}}
[info] >  { {"user":"{","metadata":{"emulator":{"name":"functions"},"function":{"name":"us-central1-api"},"message":"\u001b[90m> \u001b[39m {"}}
[info] >    apiKey: 'AIzaSyBhJGSfs_u0THw9gg1q-4CH9ohcyy6PUco', {"user":"  apiKey: 'AIzaSyBhJGSfs_u0THw9gg1q-4CH9ohcyy6PUco',","metadata":{"emulator":{"name":"functions"},"function":{"name":"us-central1-api"},"message":"\u001b[90m> \u001b[39m   apiKey: 'AIzaSyBhJGSfs_u0THw9gg1q-4CH9ohcyy6PUco',"}}
[info] >    authDomain: 'ng-blog-574e0.firebaseapp.com', {"user":"  authDomain: 'ng-blog-574e0.firebaseapp.com',","metadata":{"emulator":{"name":"functions"},"function":{"name":"us-central1-api"},"message":"\u001b[90m> \u001b[39m   authDomain: 'ng-blog-574e0.firebaseapp.com',"}}
[info] >    projectId: 'ng-blog-574e0', {"user":"  projectId: 'ng-blog-574e0',","metadata":{"emulator":{"name":"functions"},"function":{"name":"us-central1-api"},"message":"\u001b[90m> \u001b[39m   projectId: 'ng-blog-574e0',"}}
[info] >    storageBucket: 'ng-blog-574e0.appspot.com', {"user":"  storageBucket: 'ng-blog-574e0.appspot.com',","metadata":{"emulator":{"name":"functions"},"function":{"name":"us-central1-api"},"message":"\u001b[90m> \u001b[39m   storageBucket: 'ng-blog-574e0.appspot.com',"}}
[info] >    messagingSenderId: '1077432976576', {"user":"  messagingSenderId: '1077432976576',","metadata":{"emulator":{"name":"functions"},"function":{"name":"us-central1-api"},"message":"\u001b[90m> \u001b[39m   messagingSenderId: '1077432976576',"}}
[info] >    appId: '1:1077432976576:web:d45b75416546fdac809925' {"user":"  appId: '1:1077432976576:web:d45b75416546fdac809925'","metadata":{"emulator":{"name":"functions"},"function":{"name":"us-central1-api"},"message":"\u001b[90m> \u001b[39m   appId: '1:1077432976576:web:d45b75416546fdac809925'"}}
[info] >  } {"user":"}","metadata":{"emulator":{"name":"functions"},"function":{"name":"us-central1-api"},"message":"\u001b[90m> \u001b[39m }"}}
[debug] [2022-02-26T15:28:08.999Z] [runtime-status] [5349] Trigger "us-central1-api" has been found, beginning invocation! {"metadata":{"emulator":{"name":"functions"},"function":{"name":"us-central1-api"},"message":"[runtime-status] [5349] Trigger \"us-central1-api\" has been found, beginning invocation!"}}
[info] i  functions: Beginning execution of "us-central1-api" {"metadata":{"emulator":{"name":"functions"},"function":{"name":"us-central1-api"},"message":"Beginning execution of \"us-central1-api\""}}
[debug] [2022-02-26T15:28:09.000Z] [runtime-status] [5349] triggerDefinition {"httpsTrigger":{},"name":"api","entryPoint":"api","regions":["us-central1"],"region":"us-central1","id":"us-central1-api","platform":"gcfv1"} {"metadata":{"emulator":{"name":"functions"},"function":{"name":"us-central1-api"},"message":"[runtime-status] [5349] triggerDefinition {\"httpsTrigger\":{},\"name\":\"api\",\"entryPoint\":\"api\",\"regions\":[\"us-central1\"],\"region\":\"us-central1\",\"id\":\"us-central1-api\",\"platform\":\"gcfv1\"}"}}
[debug] [2022-02-26T15:28:09.000Z] [runtime-status] [5349] Running us-central1-api in signature http {"metadata":{"emulator":{"name":"functions"},"function":{"name":"us-central1-api"},"message":"[runtime-status] [5349] Running us-central1-api in signature http"}}
[debug] [2022-02-26T15:28:09.008Z] [runtime-status] [5349] Attempting to listen to socketPath: /tmp/fire_emu_5349.sock {"metadata":{"emulator":{"name":"functions"},"function":{"name":"us-central1-api"},"message":"[runtime-status] [5349] Attempting to listen to socketPath: /tmp/fire_emu_5349.sock"}}
[debug] [2022-02-26T15:28:09.010Z] [functions] Runtime ready! Sending request! {"metadata":{"emulator":{"name":"functions"},"message":"[functions] Runtime ready! Sending request!"}}
[debug] [2022-02-26T15:28:09.011Z] [functions] Got req.url=/ng-blog-574e0/us-central1/api/posts, mapping to path=/posts {"metadata":{"emulator":{"name":"functions"},"message":"[functions] Got req.url=/ng-blog-574e0/us-central1/api/posts, mapping to path=/posts"}}
[debug] [2022-02-26T15:28:09.022Z] [runtime-status] [5349] Ephemeral server handling POST request {"metadata":{"emulator":{"name":"functions"},"function":{"name":"us-central1-api"},"message":"[runtime-status] [5349] Ephemeral server handling POST request"}}
[warn] ⚠  functions: The Firebase Authentication emulator is not running, so calls to Firebase Authentication will affect production. {"metadata":{"emulator":{"name":"functions"},"function":{"name":"us-central1-api"},"message":"The Firebase Authentication emulator is not running, so calls to Firebase Authentication will affect production."}}
[debug] [2022-02-26T15:28:09.056Z] [runtime-status] [5349] Ephemeral server survived. {"metadata":{"emulator":{"name":"functions"},"function":{"name":"us-central1-api"},"message":"[runtime-status] [5349] Ephemeral server survived."}}
[info] >  LMrSITUgWjXgTkkQ43TKW5z5t063 uid {"user":"LMrSITUgWjXgTkkQ43TKW5z5t063 uid","metadata":{"emulator":{"name":"functions"},"function":{"name":"us-central1-api"},"message":"\u001b[90m> \u001b[39m LMrSITUgWjXgTkkQ43TKW5z5t063 uid"}}
[warn] ⚠  Google API requested!
   - URL: "https://oauth2.googleapis.com/token"
   - Be careful, this may be a production service. {"metadata":{"emulator":{"name":"functions"},"function":{"name":"us-central1-api"},"message":"Google API requested!\n   - URL: \"https://oauth2.googleapis.com/token\"\n   - Be careful, this may be a production service."}}
[info] >  QuerySnapshot { {"user":"QuerySnapshot {","metadata":{"emulator":{"name":"functions"},"function":{"name":"us-central1-api"},"message":"\u001b[90m> \u001b[39m QuerySnapshot {"}}
[info] >    _query: Query { {"user":"  _query: Query {","metadata":{"emulator":{"name":"functions"},"function":{"name":"us-central1-api"},"message":"\u001b[90m> \u001b[39m   _query: Query {"}}
[info] >      _firestore: Firestore { {"user":"    _firestore: Firestore {","metadata":{"emulator":{"name":"functions"},"function":{"name":"us-central1-api"},"message":"\u001b[90m> \u001b[39m     _firestore: Firestore {"}}
[info] >        _settings: [Object], {"user":"      _settings: [Object],","metadata":{"emulator":{"name":"functions"},"function":{"name":"us-central1-api"},"message":"\u001b[90m> \u001b[39m       _settings: [Object],"}}
[info] >        _settingsFrozen: true, {"user":"      _settingsFrozen: true,","metadata":{"emulator":{"name":"functions"},"function":{"name":"us-central1-api"},"message":"\u001b[90m> \u001b[39m       _settingsFrozen: true,"}}
[info] >        _serializer: [Serializer], {"user":"      _serializer: [Serializer],","metadata":{"emulator":{"name":"functions"},"function":{"name":"us-central1-api"},"message":"\u001b[90m> \u001b[39m       _serializer: [Serializer],"}}
[info] >        _projectId: 'ng-blog-574e0', {"user":"      _projectId: 'ng-blog-574e0',","metadata":{"emulator":{"name":"functions"},"function":{"name":"us-central1-api"},"message":"\u001b[90m> \u001b[39m       _projectId: 'ng-blog-574e0',"}}
[info] >        registeredListenersCount: 0, {"user":"      registeredListenersCount: 0,","metadata":{"emulator":{"name":"functions"},"function":{"name":"us-central1-api"},"message":"\u001b[90m> \u001b[39m       registeredListenersCount: 0,"}}
[info] >        bulkWritersCount: 0, {"user":"      bulkWritersCount: 0,","metadata":{"emulator":{"name":"functions"},"function":{"name":"us-central1-api"},"message":"\u001b[90m> \u001b[39m       bulkWritersCount: 0,"}}
[info] >        _backoffSettings: [Object], {"user":"      _backoffSettings: [Object],","metadata":{"emulator":{"name":"functions"},"function":{"name":"us-central1-api"},"message":"\u001b[90m> \u001b[39m       _backoffSettings: [Object],"}}
[info] >        _clientPool: [ClientPool] {"user":"      _clientPool: [ClientPool]","metadata":{"emulator":{"name":"functions"},"function":{"name":"us-central1-api"},"message":"\u001b[90m> \u001b[39m       _clientPool: [ClientPool]"}}
[info] >      }, {"user":"    },","metadata":{"emulator":{"name":"functions"},"function":{"name":"us-central1-api"},"message":"\u001b[90m> \u001b[39m     },"}}
[info] >      _queryOptions: QueryOptions { {"user":"    _queryOptions: QueryOptions {","metadata":{"emulator":{"name":"functions"},"function":{"name":"us-central1-api"},"message":"\u001b[90m> \u001b[39m     _queryOptions: QueryOptions {"}}
[info] >        parentPath: [ResourcePath], {"user":"      parentPath: [ResourcePath],","metadata":{"emulator":{"name":"functions"},"function":{"name":"us-central1-api"},"message":"\u001b[90m> \u001b[39m       parentPath: [ResourcePath],"}}
[info] >        collectionId: 'users', {"user":"      collectionId: 'users',","metadata":{"emulator":{"name":"functions"},"function":{"name":"us-central1-api"},"message":"\u001b[90m> \u001b[39m       collectionId: 'users',"}}
[info] >        converter: [Object], {"user":"      converter: [Object],","metadata":{"emulator":{"name":"functions"},"function":{"name":"us-central1-api"},"message":"\u001b[90m> \u001b[39m       converter: [Object],"}}
[info] >        allDescendants: false, {"user":"      allDescendants: false,","metadata":{"emulator":{"name":"functions"},"function":{"name":"us-central1-api"},"message":"\u001b[90m> \u001b[39m       allDescendants: false,"}}
[info] >        fieldFilters: [Array], {"user":"      fieldFilters: [Array],","metadata":{"emulator":{"name":"functions"},"function":{"name":"us-central1-api"},"message":"\u001b[90m> \u001b[39m       fieldFilters: [Array],"}}
[info] >        fieldOrders: [], {"user":"      fieldOrders: [],","metadata":{"emulator":{"name":"functions"},"function":{"name":"us-central1-api"},"message":"\u001b[90m> \u001b[39m       fieldOrders: [],"}}
[info] >        startAt: undefined, {"user":"      startAt: undefined,","metadata":{"emulator":{"name":"functions"},"function":{"name":"us-central1-api"},"message":"\u001b[90m> \u001b[39m       startAt: undefined,"}}
[info] >        endAt: undefined, {"user":"      endAt: undefined,","metadata":{"emulator":{"name":"functions"},"function":{"name":"us-central1-api"},"message":"\u001b[90m> \u001b[39m       endAt: undefined,"}}
[info] >        limit: 1, {"user":"      limit: 1,","metadata":{"emulator":{"name":"functions"},"function":{"name":"us-central1-api"},"message":"\u001b[90m> \u001b[39m       limit: 1,"}}
[info] >        limitType: 0, {"user":"      limitType: 0,","metadata":{"emulator":{"name":"functions"},"function":{"name":"us-central1-api"},"message":"\u001b[90m> \u001b[39m       limitType: 0,"}}
[info] >        offset: undefined, {"user":"      offset: undefined,","metadata":{"emulator":{"name":"functions"},"function":{"name":"us-central1-api"},"message":"\u001b[90m> \u001b[39m       offset: undefined,"}}
[info] >        projection: undefined, {"user":"      projection: undefined,","metadata":{"emulator":{"name":"functions"},"function":{"name":"us-central1-api"},"message":"\u001b[90m> \u001b[39m       projection: undefined,"}}
[info] >        kindless: false {"user":"      kindless: false","metadata":{"emulator":{"name":"functions"},"function":{"name":"us-central1-api"},"message":"\u001b[90m> \u001b[39m       kindless: false"}}
[info] >      }, {"user":"    },","metadata":{"emulator":{"name":"functions"},"function":{"name":"us-central1-api"},"message":"\u001b[90m> \u001b[39m     },"}}
[info] >      _serializer: Serializer { {"user":"    _serializer: Serializer {","metadata":{"emulator":{"name":"functions"},"function":{"name":"us-central1-api"},"message":"\u001b[90m> \u001b[39m     _serializer: Serializer {"}}
[info] >        createReference: [Function (anonymous)], {"user":"      createReference: [Function (anonymous)],","metadata":{"emulator":{"name":"functions"},"function":{"name":"us-central1-api"},"message":"\u001b[90m> \u001b[39m       createReference: [Function (anonymous)],"}}
[info] >        createInteger: [Function (anonymous)], {"user":"      createInteger: [Function (anonymous)],","metadata":{"emulator":{"name":"functions"},"function":{"name":"us-central1-api"},"message":"\u001b[90m> \u001b[39m       createInteger: [Function (anonymous)],"}}
[info] >        allowUndefined: false {"user":"      allowUndefined: false","metadata":{"emulator":{"name":"functions"},"function":{"name":"us-central1-api"},"message":"\u001b[90m> \u001b[39m       allowUndefined: false"}}
[info] >      }, {"user":"    },","metadata":{"emulator":{"name":"functions"},"function":{"name":"us-central1-api"},"message":"\u001b[90m> \u001b[39m     },"}}
[info] >      _allowUndefined: false {"user":"    _allowUndefined: false","metadata":{"emulator":{"name":"functions"},"function":{"name":"us-central1-api"},"message":"\u001b[90m> \u001b[39m     _allowUndefined: false"}}
[info] >    }, {"user":"  },","metadata":{"emulator":{"name":"functions"},"function":{"name":"us-central1-api"},"message":"\u001b[90m> \u001b[39m   },"}}
[info] >    _readTime: Timestamp { _seconds: 1645889289, _nanoseconds: 426071000 }, {"user":"  _readTime: Timestamp { _seconds: 1645889289, _nanoseconds: 426071000 },","metadata":{"emulator":{"name":"functions"},"function":{"name":"us-central1-api"},"message":"\u001b[90m> \u001b[39m   _readTime: Timestamp { _seconds: 1645889289, _nanoseconds: 426071000 },"}}
[info] >    _size: 1, {"user":"  _size: 1,","metadata":{"emulator":{"name":"functions"},"function":{"name":"us-central1-api"},"message":"\u001b[90m> \u001b[39m   _size: 1,"}}
[info] >    _materializedDocs: null, {"user":"  _materializedDocs: null,","metadata":{"emulator":{"name":"functions"},"function":{"name":"us-central1-api"},"message":"\u001b[90m> \u001b[39m   _materializedDocs: null,"}}
[info] >    _materializedChanges: null, {"user":"  _materializedChanges: null,","metadata":{"emulator":{"name":"functions"},"function":{"name":"us-central1-api"},"message":"\u001b[90m> \u001b[39m   _materializedChanges: null,"}}
[info] >    _docs: [Function (anonymous)], {"user":"  _docs: [Function (anonymous)],","metadata":{"emulator":{"name":"functions"},"function":{"name":"us-central1-api"},"message":"\u001b[90m> \u001b[39m   _docs: [Function (anonymous)],"}}
[info] >    _changes: [Function (anonymous)] {"user":"  _changes: [Function (anonymous)]","metadata":{"emulator":{"name":"functions"},"function":{"name":"us-central1-api"},"message":"\u001b[90m> \u001b[39m   _changes: [Function (anonymous)]"}}
[info] >  } data coming back {"user":"} data coming back","metadata":{"emulator":{"name":"functions"},"function":{"name":"us-central1-api"},"message":"\u001b[90m> \u001b[39m } data coming back"}}
[info] >  Error: Value for argument "data" is not a valid Firestore document. Cannot use "undefined" as a Firestore value (found in field "category"). If you want to ignore undefined values, enable `ignoreUndefinedProperties`. {"user":"Error: Value for argument \"data\" is not a valid Firestore document. Cannot use \"undefined\" as a Firestore value (found in field \"category\"). If you want to ignore undefined values, enable `ignoreUndefinedProperties`.","metadata":{"emulator":{"name":"functions"},"function":{"name":"us-central1-api"},"message":"\u001b[90m> \u001b[39m Error: Value for argument \"data\" is not a valid Firestore document. Cannot use \"undefined\" as a Firestore value (found in field \"category\"). If you want to ignore undefined values, enable `ignoreUndefinedProperties`."}}
[info] >      at validateUserInput (/home/chris/development/angular/angular-blog-frontend/functions/node_modules/@google-cloud/firestore/build/src/serializer.js:271:19) {"user":"    at validateUserInput (/home/chris/development/angular/angular-blog-frontend/functions/node_modules/@google-cloud/firestore/build/src/serializer.js:271:19)","metadata":{"emulator":{"name":"functions"},"function":{"name":"us-central1-api"},"message":"\u001b[90m> \u001b[39m     at validateUserInput (/home/chris/development/angular/angular-blog-frontend/functions/node_modules/@google-cloud/firestore/build/src/serializer.js:271:19)"}}
[info] >      at Object.validateUserInput (/home/chris/development/angular/angular-blog-frontend/functions/node_modules/@google-cloud/firestore/build/src/serializer.js:263:13) {"user":"    at Object.validateUserInput (/home/chris/development/angular/angular-blog-frontend/functions/node_modules/@google-cloud/firestore/build/src/serializer.js:263:13)","metadata":{"emulator":{"name":"functions"},"function":{"name":"us-central1-api"},"message":"\u001b[90m> \u001b[39m     at Object.validateUserInput (/home/chris/development/angular/angular-blog-frontend/functions/node_modules/@google-cloud/firestore/build/src/serializer.js:263:13)"}}
[info] >      at Object.validateDocumentData (/home/chris/development/angular/angular-blog-frontend/functions/node_modules/@google-cloud/firestore/build/src/write-batch.js:577:18) {"user":"    at Object.validateDocumentData (/home/chris/development/angular/angular-blog-frontend/functions/node_modules/@google-cloud/firestore/build/src/write-batch.js:577:18)","metadata":{"emulator":{"name":"functions"},"function":{"name":"us-central1-api"},"message":"\u001b[90m> \u001b[39m     at Object.validateDocumentData (/home/chris/development/angular/angular-blog-frontend/functions/node_modules/@google-cloud/firestore/build/src/write-batch.js:577:18)"}}
[info] >      at CollectionReference.add (/home/chris/development/angular/angular-blog-frontend/functions/node_modules/@google-cloud/firestore/build/src/reference.js:1957:23) {"user":"    at CollectionReference.add (/home/chris/development/angular/angular-blog-frontend/functions/node_modules/@google-cloud/firestore/build/src/reference.js:1957:23)","metadata":{"emulator":{"name":"functions"},"function":{"name":"us-central1-api"},"message":"\u001b[90m> \u001b[39m     at CollectionReference.add (/home/chris/development/angular/angular-blog-frontend/functions/node_modules/@google-cloud/firestore/build/src/reference.js:1957:23)"}}
[info] >      at exports.createOnePost (/home/chris/development/angular/angular-blog-frontend/functions/api/posts.js:60:6) {"user":"    at exports.createOnePost (/home/chris/development/angular/angular-blog-frontend/functions/api/posts.js:60:6)","metadata":{"emulator":{"name":"functions"},"function":{"name":"us-central1-api"},"message":"\u001b[90m> \u001b[39m     at exports.createOnePost (/home/chris/development/angular/angular-blog-frontend/functions/api/posts.js:60:6)"}}
[info] >      at Layer.handle [as handle_request] (/home/chris/development/angular/angular-blog-frontend/functions/node_modules/express/lib/router/layer.js:95:5) {"user":"    at Layer.handle [as handle_request] (/home/chris/development/angular/angular-blog-frontend/functions/node_modules/express/lib/router/layer.js:95:5)","metadata":{"emulator":{"name":"functions"},"function":{"name":"us-central1-api"},"message":"\u001b[90m> \u001b[39m     at Layer.handle [as handle_request] (/home/chris/development/angular/angular-blog-frontend/functions/node_modules/express/lib/router/layer.js:95:5)"}}
[info] >      at next (/home/chris/development/angular/angular-blog-frontend/functions/node_modules/express/lib/router/route.js:137:13) {"user":"    at next (/home/chris/development/angular/angular-blog-frontend/functions/node_modules/express/lib/router/route.js:137:13)","metadata":{"emulator":{"name":"functions"},"function":{"name":"us-central1-api"},"message":"\u001b[90m> \u001b[39m     at next (/home/chris/development/angular/angular-blog-frontend/functions/node_modules/express/lib/router/route.js:137:13)"}}
[info] >      at /home/chris/development/angular/angular-blog-frontend/functions/util/auth.js:29:14 {"user":"    at /home/chris/development/angular/angular-blog-frontend/functions/util/auth.js:29:14","metadata":{"emulator":{"name":"functions"},"function":{"name":"us-central1-api"},"message":"\u001b[90m> \u001b[39m     at /home/chris/development/angular/angular-blog-frontend/functions/util/auth.js:29:14"}}
[info] >      at processTicksAndRejections (node:internal/process/task_queues:96:5) {"user":"    at processTicksAndRejections (node:internal/process/task_queues:96:5)","metadata":{"emulator":{"name":"functions"},"function":{"name":"us-central1-api"},"message":"\u001b[90m> \u001b[39m     at processTicksAndRejections (node:internal/process/task_queues:96:5)"}}
[info] i  functions: Finished "us-central1-api" in ~1s {"metadata":{"emulator":{"name":"functions"},"function":{"name":"us-central1-api"},"message":"Finished \"us-central1-api\" in ~1s"}}
[debug] [2022-02-26T15:28:09.511Z] [worker-us-central1-api-f3649380-c5bb-4415-a32a-5256a35b7b7d]: IDLE {"metadata":{"emulator":{"name":"functions"},"message":"[worker-us-central1-api-f3649380-c5bb-4415-a32a-5256a35b7b7d]: IDLE"}}
[debug] [2022-02-26T15:28:09.512Z] [work-queue] {"queueLength":0,"workRunningCount":0}
